c:\users\alex\source\repos\cre\cheeserenderengine\x64\debug\vcpkg.applocal.log
c:\users\alex\source\repos\cre\cheeserenderengine\x64\debug\vc142.pdb
c:\users\alex\source\repos\cre\cheeserenderengine\x64\debug\vc142.idb
c:\users\alex\source\repos\cre\cheeserenderengine\x64\debug\window.obj
c:\users\alex\source\repos\cre\cheeserenderengine\x64\debug\rendent.obj
c:\users\alex\source\repos\cre\cheeserenderengine\x64\debug\missingmat.obj
c:\users\alex\source\repos\cre\cheeserenderengine\x64\debug\materialmanager.obj
c:\users\alex\source\repos\cre\cheeserenderengine\x64\debug\material.obj
c:\users\alex\source\repos\cre\cheeserenderengine\x64\debug\main.obj
c:\users\alex\source\repos\cre\cheeserenderengine\x64\debug\logger.obj
c:\users\alex\source\repos\cre\cheeserenderengine\x64\debug\batcher.obj
c:\users\alex\source\repos\cre\cheeserenderengine\x64\debug\genericmat.obj
c:\users\alex\source\repos\cre\cheeserenderengine\x64\debug\texturemanager.obj
c:\users\alex\source\repos\cre\cheeserenderengine\x64\debug\glad.obj
c:\users\alex\source\repos\cre\cheeserenderengine\x64\debug\pointlight.obj
c:\users\alex\source\repos\cre\cheeserenderengine\x64\debug\phongmat.obj
c:\users\alex\source\repos\cre\cheeserenderengine\x64\debug\cheeserenderengine.exe
c:\users\alex\source\repos\cre\cheeserenderengine\x64\debug\cheeserenderengine.ilk
c:\users\alex\source\repos\cre\cheeserenderengine\x64\debug\cheeserenderengine.pdb
c:\users\alex\source\repos\cre\cheeserenderengine\x64\debug\cheesere.c281db8c.tlog\cheeserenderengine.write.1u.tlog
c:\users\alex\source\repos\cre\cheeserenderengine\x64\debug\cheesere.c281db8c.tlog\cl.command.1.tlog
c:\users\alex\source\repos\cre\cheeserenderengine\x64\debug\cheesere.c281db8c.tlog\cl.read.1.tlog
c:\users\alex\source\repos\cre\cheeserenderengine\x64\debug\cheesere.c281db8c.tlog\cl.write.1.tlog
c:\users\alex\source\repos\cre\cheeserenderengine\x64\debug\cheesere.c281db8c.tlog\link.command.1.tlog
c:\users\alex\source\repos\cre\cheeserenderengine\x64\debug\cheesere.c281db8c.tlog\link.read.1.tlog
c:\users\alex\source\repos\cre\cheeserenderengine\x64\debug\cheesere.c281db8c.tlog\link.write.1.tlog
